<?xml version="1.0" encoding="UTF-8"?>
<!-- Generated by org.testng.reporters.JUnitReportReporter -->
<testsuite hostname="swastik" failures="0" tests="1" name="com.actiTime.testcase.ActitimeLoginLogout" time="18.013" errors="0" timestamp="2023-03-28T22:41:20 IST" skipped="0">
  <testcase classname="com.actiTime.testcase.ActitimeLoginLogout" name="loginlogout" time="18.013"/>
  <system-out/>
</testsuite> <!-- com.actiTime.testcase.ActitimeLoginLogout -->
