<?xml version="1.0" encoding="UTF-8"?>
<!-- Generated by org.testng.reporters.JUnitReportReporter -->
<testsuite hostname="swastik" failures="0" tests="1" name="com.actiTime.testcase.ActitimeCreateCustomer" time="53.970" errors="0" timestamp="2023-03-28T20:43:59 IST" skipped="0">
  <testcase classname="com.actiTime.testcase.ActitimeCreateCustomer" name="createcustomer" time="53.970"/>
  <system-out/>
</testsuite> <!-- com.actiTime.testcase.ActitimeCreateCustomer -->
