<?xml version="1.0" encoding="UTF-8"?>
<!-- Generated by org.testng.reporters.JUnitReportReporter -->
<testsuite hostname="swastik" failures="0" tests="1" name="com.actiTime.testcase.DeleteTypeofWork" time="27.709" errors="0" timestamp="2023-03-29T12:14:52 IST" skipped="0">
  <testcase classname="com.actiTime.testcase.DeleteTypeofWork" name="deletetypeofwork" time="27.709"/>
  <system-out/>
</testsuite> <!-- com.actiTime.testcase.DeleteTypeofWork -->
