<?xml version="1.0" encoding="UTF-8"?>
<!-- Generated by org.testng.reporters.JUnitReportReporter -->
<testsuite hostname="swastik" failures="0" tests="1" name="com.actiTime.testcase.ActitimeLoginLogout" time="12.464" errors="0" timestamp="2023-03-29T12:14:52 IST" skipped="0">
  <testcase classname="com.actiTime.testcase.ActitimeLoginLogout" name="loginlogout" time="12.464"/>
  <system-out/>
</testsuite> <!-- com.actiTime.testcase.ActitimeLoginLogout -->
